This is pdfTeXk, Version 3.141592-1.40.3 (Web2C 7.5.6) (format=pdflatex 2009.6.16)  10 JAN 2010 15:20
entering extended mode
 %&-line parsing enabled.
**report.tex
(./report.tex
LaTeX2e <2005/12/01>
Babel <v3.8h> and hyphenation patterns for english, usenglishmax, dumylang, noh
yphenation, ukrainian, russian, bulgarian, loaded.
(/usr/share/texmf-texlive/tex/latex/base/report.cls
Document Class: report 2005/09/16 v1.4f Standard LaTeX document class
(/usr/share/texmf-texlive/tex/latex/base/size10.clo
File: size10.clo 2005/09/16 v1.4f Standard LaTeX file (size option)
)
\c@part=\count79
\c@chapter=\count80
\c@section=\count81
\c@subsection=\count82
\c@subsubsection=\count83
\c@paragraph=\count84
\c@subparagraph=\count85
\c@figure=\count86
\c@table=\count87
\abovecaptionskip=\skip41
\belowcaptionskip=\skip42
\bibindent=\dimen102
)
(/usr/share/texmf-texlive/tex/latex/fixme/fixme.sty
Package: fixme 2006/04/12 v3.2 Insert fixme notes in your documents

(/usr/share/texmf-texlive/tex/latex/base/ifthen.sty
Package: ifthen 2001/05/26 v1.1c Standard LaTeX ifthen package (DPC)
)
(/usr/share/texmf-texlive/tex/latex/tools/verbatim.sty
Package: verbatim 2003/08/22 v1.5q LaTeX2e package for verbatim enhancements
\every@verbatim=\toks14
\verbatim@line=\toks15
\verbatim@in@stream=\read1
)
\c@fixmecount=\count88
\c@fixmenotecount=\count89
\c@fixmewarningcount=\count90
\c@fixmeerrorcount=\count91
\c@fixmefatalcount=\count92
)
(/usr/share/texmf-texlive/tex/latex/base/fontenc.sty
Package: fontenc 2005/09/27 v1.99g Standard LaTeX package

(/usr/share/texmf-texlive/tex/latex/base/t1enc.def
File: t1enc.def 2005/09/27 v1.99g Standard LaTeX file
LaTeX Font Info:    Redeclaring font encoding T1 on input line 43.
))
(/usr/share/texmf-texlive/tex/latex/base/inputenc.sty
Package: inputenc 2006/05/05 v1.1b Input encoding file
\inpenc@prehook=\toks16
\inpenc@posthook=\toks17

(/usr/share/texmf-texlive/tex/latex/base/utf8.def
File: utf8.def 2006/03/30 v1.1i UTF-8 support for inputenc
Now handling font encoding OML ...
... no UTF-8 mapping file for font encoding OML
Now handling font encoding T1 ...
... processing UTF-8 mapping file for font encodingT1

(/usr/share/texmf-texlive/tex/latex/base/t1enc.dfu
File: t1enc.dfu 2006/03/30 v1.1i UTF-8 support for inputenc
   defining Unicode char U+00A1 (decimal 161)
   defining Unicode char U+00A3 (decimal 163)
   defining Unicode char U+00AB (decimal 171)
   defining Unicode char U+00BB (decimal 187)
   defining Unicode char U+00BF (decimal 191)
   defining Unicode char U+00C0 (decimal 192)
   defining Unicode char U+00C1 (decimal 193)
   defining Unicode char U+00C2 (decimal 194)
   defining Unicode char U+00C3 (decimal 195)
   defining Unicode char U+00C4 (decimal 196)
   defining Unicode char U+00C5 (decimal 197)
   defining Unicode char U+00C6 (decimal 198)
   defining Unicode char U+00C7 (decimal 199)
   defining Unicode char U+00C8 (decimal 200)
   defining Unicode char U+00C9 (decimal 201)
   defining Unicode char U+00CA (decimal 202)
   defining Unicode char U+00CB (decimal 203)
   defining Unicode char U+00CC (decimal 204)
   defining Unicode char U+00CD (decimal 205)
   defining Unicode char U+00CE (decimal 206)
   defining Unicode char U+00CF (decimal 207)
   defining Unicode char U+00D0 (decimal 208)
   defining Unicode char U+00D1 (decimal 209)
   defining Unicode char U+00D2 (decimal 210)
   defining Unicode char U+00D3 (decimal 211)
   defining Unicode char U+00D4 (decimal 212)
   defining Unicode char U+00D5 (decimal 213)
   defining Unicode char U+00D6 (decimal 214)
   defining Unicode char U+00D8 (decimal 216)
   defining Unicode char U+00D9 (decimal 217)
   defining Unicode char U+00DA (decimal 218)
   defining Unicode char U+00DB (decimal 219)
   defining Unicode char U+00DC (decimal 220)
   defining Unicode char U+00DD (decimal 221)
   defining Unicode char U+00DE (decimal 222)
   defining Unicode char U+00DF (decimal 223)
   defining Unicode char U+00E0 (decimal 224)
   defining Unicode char U+00E1 (decimal 225)
   defining Unicode char U+00E2 (decimal 226)
   defining Unicode char U+00E3 (decimal 227)
   defining Unicode char U+00E4 (decimal 228)
   defining Unicode char U+00E5 (decimal 229)
   defining Unicode char U+00E6 (decimal 230)
   defining Unicode char U+00E7 (decimal 231)
   defining Unicode char U+00E8 (decimal 232)
   defining Unicode char U+00E9 (decimal 233)
   defining Unicode char U+00EA (decimal 234)
   defining Unicode char U+00EB (decimal 235)
   defining Unicode char U+00EC (decimal 236)
   defining Unicode char U+00ED (decimal 237)
   defining Unicode char U+00EE (decimal 238)
   defining Unicode char U+00EF (decimal 239)
   defining Unicode char U+00F0 (decimal 240)
   defining Unicode char U+00F1 (decimal 241)
   defining Unicode char U+00F2 (decimal 242)
   defining Unicode char U+00F3 (decimal 243)
   defining Unicode char U+00F4 (decimal 244)
   defining Unicode char U+00F5 (decimal 245)
   defining Unicode char U+00F6 (decimal 246)
   defining Unicode char U+00F8 (decimal 248)
   defining Unicode char U+00F9 (decimal 249)
   defining Unicode char U+00FA (decimal 250)
   defining Unicode char U+00FB (decimal 251)
   defining Unicode char U+00FC (decimal 252)
   defining Unicode char U+00FD (decimal 253)
   defining Unicode char U+00FE (decimal 254)
   defining Unicode char U+00FF (decimal 255)
   defining Unicode char U+0102 (decimal 258)
   defining Unicode char U+0103 (decimal 259)
   defining Unicode char U+0104 (decimal 260)
   defining Unicode char U+0105 (decimal 261)
   defining Unicode char U+0106 (decimal 262)
   defining Unicode char U+0107 (decimal 263)
   defining Unicode char U+010C (decimal 268)
   defining Unicode char U+010D (decimal 269)
   defining Unicode char U+010E (decimal 270)
   defining Unicode char U+010F (decimal 271)
   defining Unicode char U+0110 (decimal 272)
   defining Unicode char U+0111 (decimal 273)
   defining Unicode char U+0118 (decimal 280)
   defining Unicode char U+0119 (decimal 281)
   defining Unicode char U+011A (decimal 282)
   defining Unicode char U+011B (decimal 283)
   defining Unicode char U+011E (decimal 286)
   defining Unicode char U+011F (decimal 287)
   defining Unicode char U+0130 (decimal 304)
   defining Unicode char U+0131 (decimal 305)
   defining Unicode char U+0132 (decimal 306)
   defining Unicode char U+0133 (decimal 307)
   defining Unicode char U+0139 (decimal 313)
   defining Unicode char U+013A (decimal 314)
   defining Unicode char U+013D (decimal 317)
   defining Unicode char U+013E (decimal 318)
   defining Unicode char U+0141 (decimal 321)
   defining Unicode char U+0142 (decimal 322)
   defining Unicode char U+0143 (decimal 323)
   defining Unicode char U+0144 (decimal 324)
   defining Unicode char U+0147 (decimal 327)
   defining Unicode char U+0148 (decimal 328)
   defining Unicode char U+014A (decimal 330)
   defining Unicode char U+014B (decimal 331)
   defining Unicode char U+0150 (decimal 336)
   defining Unicode char U+0151 (decimal 337)
   defining Unicode char U+0152 (decimal 338)
   defining Unicode char U+0153 (decimal 339)
   defining Unicode char U+0154 (decimal 340)
   defining Unicode char U+0155 (decimal 341)
   defining Unicode char U+0158 (decimal 344)
   defining Unicode char U+0159 (decimal 345)
   defining Unicode char U+015A (decimal 346)
   defining Unicode char U+015B (decimal 347)
   defining Unicode char U+015E (decimal 350)
   defining Unicode char U+015F (decimal 351)
   defining Unicode char U+0160 (decimal 352)
   defining Unicode char U+0161 (decimal 353)
   defining Unicode char U+0162 (decimal 354)
   defining Unicode char U+0163 (decimal 355)
   defining Unicode char U+0164 (decimal 356)
   defining Unicode char U+0165 (decimal 357)
   defining Unicode char U+016E (decimal 366)
   defining Unicode char U+016F (decimal 367)
   defining Unicode char U+0170 (decimal 368)
   defining Unicode char U+0171 (decimal 369)
   defining Unicode char U+0178 (decimal 376)
   defining Unicode char U+0179 (decimal 377)
   defining Unicode char U+017A (decimal 378)
   defining Unicode char U+017B (decimal 379)
   defining Unicode char U+017C (decimal 380)
   defining Unicode char U+017D (decimal 381)
   defining Unicode char U+017E (decimal 382)
   defining Unicode char U+200C (decimal 8204)
   defining Unicode char U+2013 (decimal 8211)
   defining Unicode char U+2014 (decimal 8212)
   defining Unicode char U+2018 (decimal 8216)
   defining Unicode char U+2019 (decimal 8217)
   defining Unicode char U+201A (decimal 8218)
   defining Unicode char U+201C (decimal 8220)
   defining Unicode char U+201D (decimal 8221)
   defining Unicode char U+201E (decimal 8222)
   defining Unicode char U+2030 (decimal 8240)
   defining Unicode char U+2031 (decimal 8241)
   defining Unicode char U+2039 (decimal 8249)
   defining Unicode char U+203A (decimal 8250)
   defining Unicode char U+2423 (decimal 9251)
)
Now handling font encoding OT1 ...
... processing UTF-8 mapping file for font encodingOT1

(/usr/share/texmf-texlive/tex/latex/base/ot1enc.dfu
File: ot1enc.dfu 2006/03/30 v1.1i UTF-8 support for inputenc
   defining Unicode char U+00A1 (decimal 161)
   defining Unicode char U+00A3 (decimal 163)
   defining Unicode char U+00B8 (decimal 184)
   defining Unicode char U+00BF (decimal 191)
   defining Unicode char U+00C5 (decimal 197)
   defining Unicode char U+00C6 (decimal 198)
   defining Unicode char U+00D8 (decimal 216)
   defining Unicode char U+00DF (decimal 223)
   defining Unicode char U+00E6 (decimal 230)
   defining Unicode char U+00EC (decimal 236)
   defining Unicode char U+00ED (decimal 237)
   defining Unicode char U+00EE (decimal 238)
   defining Unicode char U+00EF (decimal 239)
   defining Unicode char U+00F8 (decimal 248)
   defining Unicode char U+0131 (decimal 305)
   defining Unicode char U+0141 (decimal 321)
   defining Unicode char U+0142 (decimal 322)
   defining Unicode char U+0152 (decimal 338)
   defining Unicode char U+0153 (decimal 339)
   defining Unicode char U+2013 (decimal 8211)
   defining Unicode char U+2014 (decimal 8212)
   defining Unicode char U+2018 (decimal 8216)
   defining Unicode char U+2019 (decimal 8217)
   defining Unicode char U+201C (decimal 8220)
   defining Unicode char U+201D (decimal 8221)
)
Now handling font encoding OMS ...
... processing UTF-8 mapping file for font encodingOMS

(/usr/share/texmf-texlive/tex/latex/base/omsenc.dfu
File: omsenc.dfu 2006/03/30 v1.1i UTF-8 support for inputenc
   defining Unicode char U+00A7 (decimal 167)
   defining Unicode char U+00B6 (decimal 182)
   defining Unicode char U+00B7 (decimal 183)
   defining Unicode char U+2020 (decimal 8224)
   defining Unicode char U+2021 (decimal 8225)
   defining Unicode char U+2022 (decimal 8226)
)
Now handling font encoding OMX ...
... no UTF-8 mapping file for font encoding OMX
Now handling font encoding U ...
... no UTF-8 mapping file for font encoding U
   defining Unicode char U+00A9 (decimal 169)
   defining Unicode char U+00AA (decimal 170)
   defining Unicode char U+00AE (decimal 174)
   defining Unicode char U+00BA (decimal 186)
   defining Unicode char U+02C6 (decimal 710)
   defining Unicode char U+02DC (decimal 732)
   defining Unicode char U+200C (decimal 8204)
   defining Unicode char U+2026 (decimal 8230)
   defining Unicode char U+2122 (decimal 8482)
   defining Unicode char U+2423 (decimal 9251)
))
(/usr/share/texmf-texlive/tex/generic/babel/babel.sty
Package: babel 2005/11/23 v3.8h The Babel package

(/usr/share/texmf-texlive/tex/generic/babel/english.ldf
Language: english 2005/03/30 v3.3o English support from the babel system

(/usr/share/texmf-texlive/tex/generic/babel/babel.def
File: babel.def 2005/11/23 v3.8h Babel common definitions
\babel@savecnt=\count93
\U@D=\dimen103
)
\l@british = a dialect from \language\l@english 
\l@UKenglish = a dialect from \language\l@english 
\l@canadian = a dialect from \language\l@american 
\l@australian = a dialect from \language\l@british 
\l@newzealand = a dialect from \language\l@british 
)
(/usr/share/texmf-texlive/tex/generic/babel/english.ldf
Language: english 2005/03/30 v3.3o English support from the babel system
))
(/usr/share/texmf-texlive/tex/latex/amsmath/amsmath.sty
Package: amsmath 2000/07/18 v2.13 AMS math features
\@mathmargin=\skip43

For additional information on amsmath, use the `?' option.
(/usr/share/texmf-texlive/tex/latex/amsmath/amstext.sty
Package: amstext 2000/06/29 v2.01

(/usr/share/texmf-texlive/tex/latex/amsmath/amsgen.sty
File: amsgen.sty 1999/11/30 v2.0
\@emptytoks=\toks18
\ex@=\dimen104
))
(/usr/share/texmf-texlive/tex/latex/amsmath/amsbsy.sty
Package: amsbsy 1999/11/29 v1.2d
\pmbraise@=\dimen105
)
(/usr/share/texmf-texlive/tex/latex/amsmath/amsopn.sty
Package: amsopn 1999/12/14 v2.01 operator names
)
\inf@bad=\count94
LaTeX Info: Redefining \frac on input line 211.
\uproot@=\count95
\leftroot@=\count96
LaTeX Info: Redefining \overline on input line 307.
\classnum@=\count97
\DOTSCASE@=\count98
LaTeX Info: Redefining \ldots on input line 379.
LaTeX Info: Redefining \dots on input line 382.
LaTeX Info: Redefining \cdots on input line 467.
\Mathstrutbox@=\box26
\strutbox@=\box27
\big@size=\dimen106
LaTeX Font Info:    Redeclaring font encoding OML on input line 567.
LaTeX Font Info:    Redeclaring font encoding OMS on input line 568.
\macc@depth=\count99
\c@MaxMatrixCols=\count100
\dotsspace@=\muskip10
\c@parentequation=\count101
\dspbrk@lvl=\count102
\tag@help=\toks19
\row@=\count103
\column@=\count104
\maxfields@=\count105
\andhelp@=\toks20
\eqnshift@=\dimen107
\alignsep@=\dimen108
\tagshift@=\dimen109
\tagwidth@=\dimen110
\totwidth@=\dimen111
\lineht@=\dimen112
\@envbody=\toks21
\multlinegap=\skip44
\multlinetaggap=\skip45
\mathdisplay@stack=\toks22
LaTeX Info: Redefining \[ on input line 2666.
LaTeX Info: Redefining \] on input line 2667.
)
(/usr/share/texmf-texlive/tex/latex/amsfonts/amssymb.sty
Package: amssymb 2002/01/22 v2.2d

(/usr/share/texmf-texlive/tex/latex/amsfonts/amsfonts.sty
Package: amsfonts 2001/10/25 v2.2f
\symAMSa=\mathgroup4
\symAMSb=\mathgroup5
LaTeX Font Info:    Overwriting math alphabet `\mathfrak' in version `bold'
(Font)                  U/euf/m/n --> U/euf/b/n on input line 132.
))
(/usr/share/texmf-texlive/tex/latex/ltxmisc/ulem.sty
\UL@box=\box28
\UL@hyphenbox=\box29
\UL@skip=\skip46
\UL@hook=\toks23
\UL@pe=\count106
\UL@pixel=\dimen113
\ULC@box=\box30
Package: ulem 2000/05/26
\ULdepth=\dimen114
)
(/usr/share/texmf-texlive/tex/latex/jknapltx/mathrsfs.sty
Package: mathrsfs 1996/01/01 Math RSFS package v1.0 (jk)
\symrsfs=\mathgroup6
)
(/usr/share/texmf-texlive/tex/latex/graphics/graphicx.sty
Package: graphicx 1999/02/16 v1.0f Enhanced LaTeX Graphics (DPC,SPQR)

(/usr/share/texmf-texlive/tex/latex/graphics/keyval.sty
Package: keyval 1999/03/16 v1.13 key=value parser (DPC)
\KV@toks@=\toks24
)
(/usr/share/texmf-texlive/tex/latex/graphics/graphics.sty
Package: graphics 2006/02/20 v1.0o Standard LaTeX Graphics (DPC,SPQR)

(/usr/share/texmf-texlive/tex/latex/graphics/trig.sty
Package: trig 1999/03/16 v1.09 sin cos tan (DPC)
)
(/etc/texmf/tex/latex/config/graphics.cfg
File: graphics.cfg 2007/01/18 v1.5 graphics configuration of teTeX/TeXLive
)
Package graphics Info: Driver file: pdftex.def on input line 90.

(/usr/share/texmf-texlive/tex/latex/pdftex-def/pdftex.def
File: pdftex.def 2007/01/08 v0.04d Graphics/color for pdfTeX
\Gread@gobject=\count107
))
\Gin@req@height=\dimen115
\Gin@req@width=\dimen116
)
(/usr/share/texmf-texlive/tex/latex/hyperref/hyperref.sty
Package: hyperref 2007/02/07 v6.75r Hypertext links for LaTeX
\@linkdim=\dimen117
\Hy@linkcounter=\count108
\Hy@pagecounter=\count109

(/usr/share/texmf-texlive/tex/latex/hyperref/pd1enc.def
File: pd1enc.def 2007/02/07 v6.75r Hyperref: PDFDocEncoding definition (HO)
Now handling font encoding PD1 ...
... no UTF-8 mapping file for font encoding PD1
)
(/etc/texmf/tex/latex/config/hyperref.cfg
File: hyperref.cfg 2002/06/06 v1.2 hyperref configuration of TeXLive
)
(/usr/share/texmf-texlive/tex/latex/oberdiek/kvoptions.sty
Package: kvoptions 2006/08/22 v2.4 Connects package keyval with LaTeX options (
HO)
)
Package hyperref Info: Option `final' set `true' on input line 2238.
Package hyperref Info: Hyper figures OFF on input line 2288.
Package hyperref Info: Link nesting OFF on input line 2293.
Package hyperref Info: Hyper index ON on input line 2296.
Package hyperref Info: Plain pages OFF on input line 2303.
Package hyperref Info: Backreferencing OFF on input line 2308.

Implicit mode ON; LaTeX internals redefined
Package hyperref Info: Bookmarks ON on input line 2444.
(/usr/share/texmf-texlive/tex/latex/ltxmisc/url.sty
\Urlmuskip=\muskip11
Package: url 2005/06/27  ver 3.2  Verb mode for urls, etc.
)
LaTeX Info: Redefining \url on input line 2599.
\Fld@menulength=\count110
\Field@Width=\dimen118
\Fld@charsize=\dimen119
\Choice@toks=\toks25
\Field@toks=\toks26
Package hyperref Info: Hyper figures OFF on input line 3102.
Package hyperref Info: Link nesting OFF on input line 3107.
Package hyperref Info: Hyper index ON on input line 3110.
Package hyperref Info: backreferencing OFF on input line 3117.
Package hyperref Info: Link coloring OFF on input line 3122.
\Hy@abspage=\count111
\c@Item=\count112
\c@Hfootnote=\count113
)
*hyperref using default driver hpdftex*
(/usr/share/texmf-texlive/tex/latex/hyperref/hpdftex.def
File: hpdftex.def 2007/02/07 v6.75r Hyperref driver for pdfTeX
\Fld@listcount=\count114
)
(/usr/share/texmf-texlive/tex/latex/listings/listings.sty
\lst@mode=\count115
\lst@gtempboxa=\box31
\lst@token=\toks27
\lst@length=\count116
\lst@currlwidth=\dimen120
\lst@column=\count117
\lst@pos=\count118
\lst@lostspace=\dimen121
\lst@width=\dimen122
\lst@newlines=\count119
\lst@lineno=\count120
\c@lstlisting=\count121
\lst@maxwidth=\dimen123

(/usr/share/texmf-texlive/tex/latex/listings/lstpatch.sty
File: lstpatch.sty 2004/10/17 1.3b (Carsten Heinz)
)
(/usr/share/texmf-texlive/tex/latex/listings/lstmisc.sty
File: lstmisc.sty 2004/09/07 1.3 (Carsten Heinz)
\c@lstnumber=\count122
\lst@skipnumbers=\count123
\lst@framebox=\box32
)
(/usr/share/texmf-texlive/tex/latex/listings/listings.cfg
File: listings.cfg 2004/09/05 1.3 listings configuration
))
Package: listings 2004/10/17 1.3b (Carsten Heinz)

(/usr/share/texmf-texlive/tex/latex/float/float.sty
Package: float 2001/11/08 v1.3d Float enhancements (AL)
\c@float@type=\count124
\float@exts=\toks28
\float@box=\box33
\@float@everytoks=\toks29
\@floatcapt=\box34
)
(/usr/share/texmf-texlive/tex/latex/caption/caption.sty
Package: caption 2007/01/07 v3.0k Customising captions (AR)

(/usr/share/texmf-texlive/tex/latex/caption/caption3.sty
Package: caption3 2007/01/07 v3.0k caption3 kernel (AR)
\captionmargin=\dimen124
\captionmarginx=\dimen125
\captionwidth=\dimen126
\captionindent=\dimen127
\captionparindent=\dimen128
\captionhangindent=\dimen129
)
Package caption Info: float package v1.3 (or newer) detected on input line 275.

Package caption Info: hyperref package v6.74m (or newer) detected on input line
 304.
Package caption Info: listings package v1.2 (or newer) detected on input line 3
38.
)
(/usr/share/texmf/tex/latex/xcolor/xcolor.sty
Package: xcolor 2007/01/21 v2.11 LaTeX color extensions (UK)

(/etc/texmf/tex/latex/config/color.cfg
File: color.cfg 2007/01/18 v1.5 color configuration of teTeX/TeXLive
)
Package xcolor Info: Driver file: pdftex.def on input line 225.

(/usr/share/texmf-texlive/tex/latex/colortbl/colortbl.sty
Package: colortbl 2001/02/13 v0.1j Color table columns (DPC)

(/usr/share/texmf-texlive/tex/latex/tools/array.sty
Package: array 2005/08/23 v2.4b Tabular extension package (FMi)
\col@sep=\dimen130
\extrarowheight=\dimen131
\NC@list=\toks30
\extratabsurround=\skip47
\backup@length=\skip48
)
\everycr=\toks31
\minrowclearance=\skip49
)
\rownum=\count125
Package xcolor Info: Model `cmy' substituted by `cmy0' on input line 1337.
Package xcolor Info: Model `hsb' substituted by `rgb' on input line 1341.
Package xcolor Info: Model `RGB' extended on input line 1353.
Package xcolor Info: Model `HTML' substituted by `rgb' on input line 1355.
Package xcolor Info: Model `Hsb' substituted by `hsb' on input line 1356.
Package xcolor Info: Model `tHsb' substituted by `hsb' on input line 1357.
Package xcolor Info: Model `HSB' substituted by `hsb' on input line 1358.
Package xcolor Info: Model `Gray' substituted by `gray' on input line 1359.
Package xcolor Info: Model `wave' substituted by `hsb' on input line 1360.
)
(/usr/share/texmf-texlive/tex/latex/subfig/subfig.sty
Package: subfig 2005/06/28 ver: 1.3 subfig package
\c@KVtest=\count126
\sf@farskip=\skip50
\sf@captopadj=\dimen132
\sf@capskip=\skip51
\sf@nearskip=\skip52
\c@subfigure=\count127
\c@subfigure@save=\count128
\c@lofdepth=\count129
\c@subtable=\count130
\c@subtable@save=\count131
\c@lotdepth=\count132
\sf@top=\skip53
\sf@bottom=\skip54
)
(/usr/share/texmf-texlive/tex/latex/listings/lstlang1.sty
File: lstlang1.sty 2004/09/05 1.3 listings language file
)
Package hyperref Info: Option `colorlinks' set `true' on input line 57.
Package hyperref Info: Option `bookmarksopen' set `false' on input line 57.
 (./report.aux)
\openout1 = `report.aux'.

LaTeX Font Info:    Checking defaults for OML/cmm/m/it on input line 60.
LaTeX Font Info:    ... okay on input line 60.
LaTeX Font Info:    Checking defaults for T1/cmr/m/n on input line 60.
LaTeX Font Info:    ... okay on input line 60.
LaTeX Font Info:    Checking defaults for OT1/cmr/m/n on input line 60.
LaTeX Font Info:    ... okay on input line 60.
LaTeX Font Info:    Checking defaults for OMS/cmsy/m/n on input line 60.
LaTeX Font Info:    ... okay on input line 60.
LaTeX Font Info:    Checking defaults for OMX/cmex/m/n on input line 60.
LaTeX Font Info:    ... okay on input line 60.
LaTeX Font Info:    Checking defaults for U/cmr/m/n on input line 60.
LaTeX Font Info:    ... okay on input line 60.
LaTeX Font Info:    Checking defaults for PD1/pdf/m/n on input line 60.
LaTeX Font Info:    ... okay on input line 60.

(/usr/share/texmf/tex/context/base/supp-pdf.tex
[Loading MPS to PDF converter (version 2006.09.02).]
\scratchcounter=\count133
\scratchdimen=\dimen133
\scratchbox=\box35
\nofMPsegments=\count134
\nofMParguments=\count135
\everyMPshowfont=\toks32
\MPscratchCnt=\count136
\MPscratchDim=\dimen134
\MPnumerator=\count137
\everyMPtoPDFconversion=\toks33
)
Package hyperref Info: Link coloring ON on input line 60.
 (/usr/share/texmf-texlive/tex/latex/hyperref/nameref.sty
Package: nameref 2006/12/27 v2.28 Cross-referencing by name of section

(/usr/share/texmf-texlive/tex/latex/oberdiek/refcount.sty
Package: refcount 2006/02/20 v3.0 Data extraction from references (HO)
)
\c@section@level=\count138
)
LaTeX Info: Redefining \ref on input line 60.
LaTeX Info: Redefining \pageref on input line 60.
 (./report.out)
(./report.out)
\@outlinefile=\write3
\openout3 = `report.out'.

 (/usr/share/texmf/tex/latex/dblatex/misc/ragged2e.sty
Package: ragged2e 2003/03/25 v2.04 ragged2e Package (MS)

(/usr/share/texmf-texlive/tex/latex/everysel/everysel.sty
Package: everysel 1999/06/08 v1.03 EverySelectfont Package (MS)
LaTeX Info: Redefining \selectfont on input line 125.
)
\CenteringLeftskip=\skip55
\RaggedLeftLeftskip=\skip56
\RaggedRightLeftskip=\skip57
\CenteringRightskip=\skip58
\RaggedLeftRightskip=\skip59
\RaggedRightRightskip=\skip60
\CenteringParfillskip=\skip61
\RaggedLeftParfillskip=\skip62
\RaggedRightParfillskip=\skip63
\JustifyingParfillskip=\skip64
\CenteringParindent=\skip65
\RaggedLeftParindent=\skip66
\RaggedRightParindent=\skip67
\JustifyingParindent=\skip68
)
Package caption Info: subref 1.2 or 1.3 detected on input line 60.
LaTeX Info: Redefining \subref on input line 60.
LaTeX Font Info:    Try loading font information for U+msa on input line 64.

(/usr/share/texmf-texlive/tex/latex/amsfonts/umsa.fd
File: umsa.fd 2002/01/19 v2.2g AMS font definitions
)
LaTeX Font Info:    Try loading font information for U+msb on input line 64.

(/usr/share/texmf-texlive/tex/latex/amsfonts/umsb.fd
File: umsb.fd 2002/01/19 v2.2g AMS font definitions
)
LaTeX Font Info:    Try loading font information for U+rsfs on input line 64.

(/usr/share/texmf-texlive/tex/latex/jknapltx/ursfs.fd
File: ursfs.fd 1998/03/24 rsfs font definition file (jk)
) [1

{/var/lib/texmf/fonts/map/pdftex/updmap/pdftex.map}] (./sections/abstract.tex
LaTeX Font Info:    Try loading font information for T1+cmss on input line 2.

(/usr/share/texmf-texlive/tex/latex/base/t1cmss.fd
File: t1cmss.fd 1999/05/25 v2.5h Standard LaTeX font definitions
)
Package FiXme Note: `The abstract is still incomplete' on input line 2.


Package hyperref Warning: No destination for bookmark of \addcontentsline,
(hyperref)                destination is added on input line 2.

Package hyperref Info: bookmark level for unknown fixme defaults to 0 on input 
line 2.

Underfull \hbox (badness 10000) in paragraph at lines 6--7

 []


Underfull \hbox (badness 10000) in paragraph at lines 8--9

 []


Underfull \hbox (badness 10000) in paragraph at lines 10--12

 []


Underfull \hbox (badness 10000) in paragraph at lines 13--14

 []

)pdfTeX warning (ext4): destination with the same identifier (name{page.1}) has
 been already used, duplicate ignored
<to be read again> 
                   \relax 
l.72 \tableofcontents
                      [1] (./report.toc [2

])
\tf@toc=\write4
\openout4 = `report.toc'.

 (./sections/introduction.tex
[3]
Chapter 1.

Overfull \hbox (199.88727pt too wide) in paragraph at lines 24--24
 |   []
 []

Package FiXme Note: `REF Don R. Swanson -http://www.csd.uwo.ca/courses/CS9626a/
papers\_files/Swanson.pdf' on input line 24.

Underfull \hbox (badness 10000) in paragraph at lines 19--33

 []


Underfull \hbox (badness 10000) in paragraph at lines 34--47

 []

[4

]
Underfull \hbox (badness 10000) in paragraph at lines 61--72

 []


Underfull \hbox (badness 10000) in paragraph at lines 73--80

 []


Underfull \hbox (badness 10000) in paragraph at lines 81--93

 []


Underfull \hbox (badness 10000) in paragraph at lines 100--106

 []

[5]
Underfull \hbox (badness 10000) in paragraph at lines 107--116

 []


Underfull \hbox (badness 10000) in paragraph at lines 117--125

 []


Underfull \hbox (badness 10000) in paragraph at lines 126--134

 []


Underfull \hbox (badness 10000) in paragraph at lines 147--156

 []


Underfull \hbox (badness 10000) in paragraph at lines 157--165

 []

[6]
Underfull \hbox (badness 10000) in paragraph at lines 166--167

 []


LaTeX Warning: Reference `Conclusion' on page 7 undefined on input line 168.


Underfull \hbox (badness 10000) in paragraph at lines 170--171

 []

)
Underfull \hbox (badness 10000) in paragraph at lines 174--75

 []

(./sections/background.tex [7]
Chapter 2.

Underfull \hbox (badness 10000) in paragraph at lines 3--10

 []


Underfull \hbox (badness 10000) in paragraph at lines 30--41

 []

Package FiXme Note: `REF 2.6' on input line 42.
Package FiXme Note: `REF 2.2.1' on input line 43.

Underfull \hbox (badness 10000) in paragraph at lines 42--48

 []

[8

]

LaTeX Warning: Marginpar on page 9 moved.


Underfull \hbox (badness 10000) in paragraph at lines 49--54

 []

Package FiXme Note: `Might write OMIM twice' on input line 78.

Underfull \hbox (badness 10000) in paragraph at lines 73--82

 []


Underfull \hbox (badness 10000) in paragraph at lines 83--91

 []


Underfull \hbox (badness 10000) in paragraph at lines 92--96

 []


Overfull \hbox (5.11722pt too wide) in paragraph at lines 98--101
[]\T1/cmr/m/n/9 http://www.ncbi.nlm.nih.gov/sites/entrez?Db$\OT1/cmr/m/n/9 =$\T
1/cmr/m/n/9 pubmed&Cmd$\OT1/cmr/m/n/9 =$\T1/cmr/m/n/9 DetailsSearch&Term$\OT1/c
mr/m/n/9 =$ 
 []


Overfull \hbox (7.03342pt too wide) in paragraph at lines 98--101
\T1/cmr/m/n/9 Ledderhose[All$\OT1/cmr/m/n/9 +$\T1/cmr/m/n/9 Fields]$\OT1/cmr/m/
n/9 +$\T1/cmr/m/n/9 AND$\OT1/cmr/m/n/9 +$\T1/cmr/m/n/9 ("disease"[MeSH$\OT1/cmr
/m/n/9 +$\T1/cmr/m/n/9 Terms]$\OT1/cmr/m/n/9 +$\T1/cmr/m/n/9 OR$\OT1/cmr/m/n/9 
+$\T1/cmr/m/n/9 "disease"[All$\OT1/cmr/m/n/9 +$\T1/cmr/m/n/9 Fields]). 
 []


Underfull \hbox (badness 10000) in paragraph at lines 98--101

 []

[9]
Underfull \hbox (badness 10000) in paragraph at lines 102--109

 []


Underfull \hbox (badness 10000) in paragraph at lines 110--114

 []


Underfull \hbox (badness 10000) in paragraph at lines 115--119

 []


Underfull \hbox (badness 10000) in paragraph at lines 120--123

 []

Package FiXme Note: `REF' on input line 128.

Overfull \hbox (3.7199pt too wide) in paragraph at lines 134--134
 |   []
 []

Package FiXme Note: `Henvisning til implementerings afsnit i kap 3' on input li
ne 134.

Underfull \hbox (badness 10000) in paragraph at lines 124--135

 []


Underfull \hbox (badness 10000) in paragraph at lines 140--145

 []


Underfull \hbox (badness 10000) in paragraph at lines 146--153

 []

[10]
Overfull \hbox (36.71323pt too wide) in paragraph at lines 154--154
 |   []
 []

Package FiXme Note: `Chilibot http://www.chilibot.net/' on input line 154.

Overfull \hbox (97.83302pt too wide) in paragraph at lines 154--154
 |   []
 []

Package FiXme Note: `iHOP http://www.ihop-net.org/UniPub/iHOP/' on input line 1
54.

Underfull \hbox (badness 10000) in paragraph at lines 154--155

 []


LaTeX Warning: Marginpar on page 11 moved.


Underfull \hbox (badness 10000) in paragraph at lines 156--167

 []


Underfull \hbox (badness 10000) in paragraph at lines 168--174

 []


Underfull \hbox (badness 10000) in paragraph at lines 175--180

 []


Overfull \hbox (286.1051pt too wide) in paragraph at lines 186--186
 |   []
 []

Package FiXme Note: `CITE Graham L. Poulter - Rapid\_statistical\_classificatio
n\_on\_the\_Medline\_database\_of\_biomedical\_literature.pdf' on input line 18
6.

Underfull \hbox (badness 10000) in paragraph at lines 181--193

 []


Overfull \hbox (3.7199pt too wide) in paragraph at lines 200--200
 |   []
 []

Package FiXme Note: `Henvisning til implementerings afsnit i kap 3' on input li
ne 200.

Underfull \hbox (badness 10000) in paragraph at lines 194--201

 []

[11]

LaTeX Warning: Marginpar on page 12 moved.

Package FiXme Note: `Insert figure showing all components of Entrez' on input l
ine 209.

Underfull \hbox (badness 10000) in paragraph at lines 213--221

 []


Underfull \hbox (badness 10000) in paragraph at lines 222--229

 []


Underfull \hbox (badness 10000) in paragraph at lines 230--239

 []


Underfull \hbox (badness 10000) in paragraph at lines 240--251

 []


Underfull \hbox (badness 10000) in paragraph at lines 252--258

 []


Underfull \hbox (badness 10000) in paragraph at lines 259--271

 []

[12]
Overfull \hbox (3.7199pt too wide) in paragraph at lines 279--279
 |   []
 []

Package FiXme Note: `Henvisning til ordentlig-syg implementerings afsnit i kap 
3' on input line 279.

LaTeX Warning: Marginpar on page 13 moved.

Package FiXme Note: `InsertEither ref for appendix or a example of a medline re
cord' on input line 282.

Underfull \hbox (badness 10000) in paragraph at lines 286--291

 []


Underfull \hbox (badness 10000) in paragraph at lines 292--296

 []

Package FiXme Note: `Insert figure showing a term-doc matrix with no specific c
ontent' on input line 298.

Underfull \hbox (badness 10000) in paragraph at lines 300--309

 []


Underfull \hbox (badness 10000) in paragraph at lines 310--312

 []


Underfull \hbox (badness 10000) in paragraph at lines 313--320

 []


Underfull \hbox (badness 10000) in paragraph at lines 321--329

 []

[13]
Underfull \hbox (badness 10000) in paragraph at lines 330--336

 []

[14]
Underfull \hbox (badness 10000) in paragraph at lines 393--401

 []


Underfull \hbox (badness 10000) in paragraph at lines 435--445

 []

[15]
Package FiXme Note: `REF: chapter on experimenting with sqrt' on input line 449
.

Underfull \hbox (badness 10000) in paragraph at lines 493--509

 []

[16]
Package FiXme Note: `Do we do outlier detection, not yet!' on input line 510.

Underfull \hbox (badness 10000) in paragraph at lines 517--526

 []


Underfull \hbox (badness 10000) in paragraph at lines 553--558

 []

[17]
Underfull \hbox (badness 10000) in paragraph at lines 579--589

 []


Underfull \hbox (badness 10000) in paragraph at lines 620--628

 []

[18]
Underfull \hbox (badness 10000) in paragraph at lines 629--640

 []


Underfull \hbox (badness 10000) in paragraph at lines 649--650

 []

Package FiXme Note: `REF: om scoring i experimental chap.' on input line 651.

Underfull \hbox (badness 10000) in paragraph at lines 651--652

 []

Package FiXme Note: `REF: om scoring i experimental chap.' on input line 658.

Underfull \hbox (badness 10000) in paragraph at lines 676--689

 []

[19]
Underfull \hbox (badness 10000) in paragraph at lines 690--699

 []


Underfull \hbox (badness 10000) in paragraph at lines 700--706

 []


Underfull \hbox (badness 10000) in paragraph at lines 707--711

 []

) [20] (./sections/methods.tex [21]
Chapter 3.

Underfull \hbox (badness 10000) in paragraph at lines 24--57

 []

[22

]
Overfull \hbox (61.26973pt too wide) in paragraph at lines 67--67
 |   []
 []

Package FiXme Note: `REF: til histogram-sammenlignings-tests af label og term-d
oc' on input line 67.

Underfull \hbox (badness 10000) in paragraph at lines 67--68

 []


Underfull \hbox (badness 10000) in paragraph at lines 73--79

 []


Underfull \hbox (badness 10000) in paragraph at lines 80--83

 []

[23] <diagrammer/system_overview_rotate.png, id=522, 667.49374pt x 1316.92pt>
File: diagrammer/system_overview_rotate.png Graphic file (type png)

<use diagrammer/system_overview_rotate.png>

LaTeX Warning: Float too large for page by 49.90265pt on input line 94.


LaTeX Warning: `!h' float specifier changed to `!ht'.


Underfull \hbox (badness 10000) in paragraph at lines 108--112

 []


Underfull \hbox (badness 10000) in paragraph at lines 113--123

 []


Underfull \hbox (badness 10000) in paragraph at lines 124--125

 []


Overfull \hbox (8.06328pt too wide) in paragraph at lines 127--127
 |   []
 []

Package FiXme Note: `REF: skal lige n\IeC {\ae }vnes/beskrives et sted' on inpu
t line 127.
[24]
Underfull \hbox (badness 10000) in paragraph at lines 142--143

 []


Underfull \hbox (badness 10000) in paragraph at lines 144--145

 []


Underfull \hbox (badness 10000) in paragraph at lines 146--147

 []

[25]
LaTeX Font Info:    Try loading font information for OMS+cmr on input line 151.

 (/usr/share/texmf-texlive/tex/latex/base/omscmr.fd
File: omscmr.fd 1999/05/25 v2.5h Standard LaTeX font definitions
)
LaTeX Font Info:    Font shape `OMS/cmr/m/n' in size <10> not available
(Font)              Font shape `OMS/cmsy/m/n' tried instead on input line 151.

Underfull \hbox (badness 10000) in paragraph at lines 174--182

 []


Overfull \hbox (16.95277pt too wide) in paragraph at lines 209--209
 |   []
 []

Package FiXme Note: `webpage for searchtermcombiner code' on input line 209.

Underfull \hbox (badness 10000) in paragraph at lines 218--228

 []

[26]
Underfull \hbox (badness 10000) in paragraph at lines 242--244

 []


Underfull \hbox (badness 10000) in paragraph at lines 245--251

 []


Underfull \hbox (badness 10000) in paragraph at lines 252--275

 []


Underfull \hbox (badness 10000) in paragraph at lines 276--284

 []

[27]
Underfull \hbox (badness 10000) in paragraph at lines 285--297

 []

Package FiXme Note: `evt lidt statestik' on input line 309.

Underfull \hbox (badness 10000) in paragraph at lines 313--330

 []


Underfull \hbox (badness 10000) in paragraph at lines 331--339

 []

[28]
Package FiXme Note: `evt lidt statestik' on input line 340.

Underfull \hbox (badness 10000) in paragraph at lines 342--349

 []


Underfull \hbox (badness 10000) in paragraph at lines 350--357

 []


Underfull \hbox (badness 10000) in paragraph at lines 358--371

 []


Overfull \hbox (26.79976pt too wide) in paragraph at lines 372--382
\T1/cmr/m/n/10 tion re-plac-ing the de-fault stem-mer. The de-fault stem-mer is
 \T1/cmr/m/it/10 nltk.PorterStemmer().stem
 []


Underfull \hbox (badness 10000) in paragraph at lines 372--382

 []

[29]
Underfull \hbox (badness 10000) in paragraph at lines 403--406

 []


Underfull \hbox (badness 10000) in paragraph at lines 407--416

 []


Underfull \hbox (badness 10000) in paragraph at lines 430--439

 []


Underfull \hbox (badness 10000) in paragraph at lines 440--444

 []


Underfull \hbox (badness 10000) in paragraph at lines 445--453

 []

[30]
Underfull \hbox (badness 10000) in paragraph at lines 462--470

 []


Underfull \hbox (badness 10000) in paragraph at lines 473--480

 []


Underfull \hbox (badness 10000) in paragraph at lines 481--487

 []


Underfull \hbox (badness 10000) in paragraph at lines 488--500

 []


Underfull \hbox (badness 10000) in paragraph at lines 501--504

 []

[31]
Underfull \hbox (badness 10000) in paragraph at lines 512--524

 []


Underfull \hbox (badness 10000) in paragraph at lines 525--543

 []


Underfull \hbox (badness 10000) in paragraph at lines 544--547

 []


Underfull \hbox (badness 10000) in paragraph at lines 553--563

 []

[32]
Underfull \hbox (badness 10000) in paragraph at lines 564--577

 []


Underfull \hbox (badness 10000) in paragraph at lines 578--586

 []

) (./sections/experiments_results.tex [33] [34pdfTeX warning (ext4): destinatio
n with the same identifier (name{figure.3.1}) has been already used, duplicate 
ignored
<to be read again> 
                   \endgroup \set@typeset@protect 
l.1 \chapter
            {Experiments and Results\label{ExperimentsResults}} <./diagrammer/s
ystem_overview_rotate.png (PNG copy)>]
Chapter 4.

Underfull \hbox (badness 10000) in paragraph at lines 3--15

 []


Underfull \hbox (badness 10000) in paragraph at lines 16--18

 []


Underfull \hbox (badness 10000) in paragraph at lines 25--41

 []

[35

]
Underfull \hbox (badness 3068) in paragraph at lines 115--116
[]|\T1/cmr/m/n/10 congenital anoma-lies, in-tel-lec-tual
 []


Underfull \hbox (badness 1603) in paragraph at lines 117--118
\T1/cmr/m/n/10 neona-tal cholesta-sis, lessens dur-
 []


Underfull \hbox (badness 1902) in paragraph at lines 121--122
[]|\T1/cmr/m/n/10 short limbs, hy-per-lor-do-sis, short
 []


Underfull \hbox (badness 1558) in paragraph at lines 125--126
[]|\T1/cmr/m/n/10 abnormally short and mal-formed
 []


Underfull \hbox (badness 2564) in paragraph at lines 127--128
[]|\T1/cmr/m/n/10 progressive so-matic dis-fig-ure-ment
 []


Underfull \hbox (badness 2753) in paragraph at lines 131--131
[]|\T1/cmr/m/n/10 Bronchiolitis oblit-er-ans with ob-
 []


Underfull \hbox (badness 7451) in paragraph at lines 135--136
[]|\T1/cmr/m/n/10 progressive de-gen-er-a-tion of the
 []


Underfull \hbox (badness 2310) in paragraph at lines 137--138
[]|\T1/cmr/m/n/10 abnormal de-vel-op-ment of reti-nal
 []


Underfull \hbox (badness 3118) in paragraph at lines 145--146
[]|\T1/cmr/m/n/10 muscular weak-ness and at-ro-phy,
 []


LaTeX Warning: `h' float specifier changed to `ht'.


Underfull \hbox (badness 10000) in paragraph at lines 154--155
[]|\T1/cmr/m/n/10 postnatal growth re-tar-da-tion,
 []


Underfull \hbox (badness 2495) in paragraph at lines 154--155
\T1/cmr/m/n/10 coarse fa-cies, in-tel-lec-tual deficit,
 []


Underfull \hbox (badness 3291) in paragraph at lines 156--156
[]|\T1/cmr/m/n/10 Fibrodysplasia os-si-f-i-cans pro-gres-
 []


Underfull \hbox (badness 1810) in paragraph at lines 156--157
[]|\T1/cmr/m/n/10 congenital mal-for-ma-tion of great
 []


Underfull \hbox (badness 3138) in paragraph at lines 156--157
\T1/cmr/m/n/10 topic os-teo-ge-n-e-sis in pre-dictable
 []


Underfull \hbox (badness 1728) in paragraph at lines 160--161
[]|\T1/cmr/m/n/10 increased bone fragility and low
 []


Underfull \hbox (badness 7012) in paragraph at lines 168--169
\T1/cmr/m/n/10 com-pa-nied by fa-cial anoma-lies,
 []


LaTeX Warning: `h' float specifier changed to `ht'.

[36pdfTeX warning (ext4): destination with the same identifier (name{table.4.1}
) has been already used, duplicate ignored
<to be read again> 
                   \endgroup \set@typeset@protect 
l.184 
      ]
Underfull \hbox (badness 10000) in paragraph at lines 191--194

 []


Underfull \hbox (badness 10000) in paragraph at lines 195--203

 []


Overfull \hbox (13.08899pt too wide) in paragraph at lines 204--222
\OML/cmm/m/it/10 x[]$ \T1/cmr/m/n/10 into a list of all the re-turned dis-ease 
$[] \OT1/cmr/m/n/10 = []$\T1/cmr/m/n/10 .
 []


Underfull \hbox (badness 10000) in paragraph at lines 204--222

 []


Underfull \hbox (badness 10000) in paragraph at lines 223--225

 []

[37]
Underfull \hbox (badness 10000) in paragraph at lines 235--236

 []


Underfull \hbox (badness 10000) in paragraph at lines 239--240

 []


<barcharts/termDoc_bmj_hist_3000_ns_mea_med_max_nc.png, id=644, 578.16pt x 361.
35pt>
File: barcharts/termDoc_bmj_hist_3000_ns_mea_med_max_nc.png Graphic file (type 
png)
 <use barcharts/termDoc_bmj_hist_3000_ns_mea_med_max_nc.png>
<barcharts/termDoc_orphan_hist_3000_ns_mea_med_max_nc.png, id=645, 578.16pt x 3
61.35pt>
File: barcharts/termDoc_orphan_hist_3000_ns_mea_med_max_nc.png Graphic file (ty
pe png)
 <use barcharts/termDoc_orphan_hist_3000_ns_mea_med_max_nc.png>
Underfull \hbox (badness 10000) in paragraph at lines 250--267

 []

[38pdfTeX warning (ext4): destination with the same identifier (name{figure.4.1
}) has been already used, duplicate ignored
<to be read again> 
                   \endgroup \set@typeset@protect 
l.267 
       <./barcharts/termDoc_bmj_hist_3000_ns_mea_med_max_nc.png>]
<barcharts/termDoc_bmj_hist_3000_ns_mea_s_mea_ns_max_s_max.png, id=657, 578.16p
t x 361.35pt>
File: barcharts/termDoc_bmj_hist_3000_ns_mea_s_mea_ns_max_s_max.png Graphic fil
e (type png)

<use barcharts/termDoc_bmj_hist_3000_ns_mea_s_mea_ns_max_s_max.png>

LaTeX Warning: `!h' float specifier changed to `!ht'.


<barcharts/termDoc_orphan_hist_3000_ns_mea_s_mea_ns_max_s_max.png, id=658, 578.
16pt x 361.35pt>
File: barcharts/termDoc_orphan_hist_3000_ns_mea_s_mea_ns_max_s_max.png Graphic 
file (type png)

<use barcharts/termDoc_orphan_hist_3000_ns_mea_s_mea_ns_max_s_max.png>
Underfull \hbox (badness 10000) in paragraph at lines 278--297

 []

[39pdfTeX warning (ext4): destination with the same identifier (name{figure.4.2
}) has been already used, duplicate ignored
<to be read again> 
                   \endgroup \set@typeset@protect 
l.297 
       <./barcharts/termDoc_orphan_hist_3000_ns_mea_med_max_nc.png>] [40pdfTeX 
warning (ext4): destination with the same identifier (name{figure.4.3}) has bee
n already used, duplicate ignored
<to be read again> 
                   \endgroup \set@typeset@protect 
l.297 
      pdfTeX warning (ext4): destination with the same identifier (name{figure.
4.4}) has been already used, duplicate ignored
<to be read again> 
                   \endgroup \set@typeset@protect 
l.297 
       <./barcharts/termDoc_bmj_hist_3000_ns_mea_s_mea_ns_max_s_max.png> <./bar
charts/termDoc_orphan_hist_3000_ns_mea_s_mea_ns_max_s_max.png>]
Underfull \hbox (badness 10000) in paragraph at lines 298--299

 []


<barcharts/termDoc_bmj_hist_3000_ns_mea_ns_mea_sqr_s_max_s_max_sqr.png, id=673,
 578.16pt x 361.35pt>
File: barcharts/termDoc_bmj_hist_3000_ns_mea_ns_mea_sqr_s_max_s_max_sqr.png Gra
phic file (type png)

<use barcharts/termDoc_bmj_hist_3000_ns_mea_ns_mea_sqr_s_max_s_max_sqr.png>
[41pdfTeX warning (ext4): destination with the same identifier (name{figure.4.5
}) has been already used, duplicate ignored
<to be read again> 
                   \endgroup \set@typeset@protect 
l.316 
       <./barcharts/termDoc_bmj_hist_3000_ns_mea_ns_mea_sqr_s_max_s_max_sqr.png
>]
<barcharts/termDoc_orphan_hist_3000_ns_mea_ns_mea_sqr_s_max_s_max_sqr.png, id=6
80, 578.16pt x 361.35pt>
File: barcharts/termDoc_orphan_hist_3000_ns_mea_ns_mea_sqr_s_max_s_max_sqr.png 
Graphic file (type png)

<use barcharts/termDoc_orphan_hist_3000_ns_mea_ns_mea_sqr_s_max_s_max_sqr.png>
Underfull \hbox (badness 10000) in paragraph at lines 326--332

 []

[42pdfTeX warning (ext4): destination with the same identifier (name{figure.4.6
}) has been already used, duplicate ignored
<to be read again> 
                   \endgroup \set@typeset@protect 
l.338 
       <./barcharts/termDoc_orphan_hist_3000_ns_mea_ns_mea_sqr_s_max_s_max_sqr.
png>]
<barcharts/termDoc_bmj_hist_3000_sum_mea_med_max.png, id=691, 578.16pt x 361.35
pt>
File: barcharts/termDoc_bmj_hist_3000_sum_mea_med_max.png Graphic file (type pn
g)
 <use barcharts/termDoc_bmj_hist_3000_sum_mea_med_max.png>
<barcharts/termDoc_orphan_hist_3000_ns_mea_med_max_sum.png, id=692, 578.16pt x 
361.35pt>
File: barcharts/termDoc_orphan_hist_3000_ns_mea_med_max_sum.png Graphic file (t
ype png)
 <use barcharts/termDoc_orphan_hist_3000_ns_mea_med_max_sum.png>

LaTeX Warning: `!h' float specifier changed to `!ht'.


<barcharts/termDoc_bmj_hist_3000_ns_s_mea_max_sum.png, id=695, 578.16pt x 361.3
5pt>
File: barcharts/termDoc_bmj_hist_3000_ns_s_mea_max_sum.png Graphic file (type p
ng)
 <use barcharts/termDoc_bmj_hist_3000_ns_s_mea_max_sum.png>

LaTeX Warning: `!h' float specifier changed to `!ht'.


<barcharts/termDoc_orphan_hist_3000_ns_s_mea_max_sum.png, id=696, 578.16pt x 36
1.35pt>
File: barcharts/termDoc_orphan_hist_3000_ns_s_mea_max_sum.png Graphic file (typ
e png)
 <use barcharts/termDoc_orphan_hist_3000_ns_s_mea_max_sum.png> [43pdfTeX warnin
g (ext4): destination with the same identifier (name{figure.4.7}) has been alre
ady used, duplicate ignored
<to be read again> 
                   \endgroup \set@typeset@protect 
l.392 
       <./barcharts/termDoc_bmj_hist_3000_sum_mea_med_max.png>]

LaTeX Warning: `!h' float specifier changed to `!ht'.

[44pdfTeX warning (ext4): destination with the same identifier (name{figure.4.8
}) has been already used, duplicate ignored
<to be read again> 
                   \endgroup \set@typeset@protect 
l.392 
      pdfTeX warning (ext4): destination with the same identifier (name{figure.
4.9}) has been already used, duplicate ignored
<to be read again> 
                   \endgroup \set@typeset@protect 
l.392 
       <./barcharts/termDoc_orphan_hist_3000_ns_mea_med_max_sum.png> <./barchar
ts/termDoc_bmj_hist_3000_ns_s_mea_max_sum.png>]
Underfull \hbox (badness 10000) in paragraph at lines 395--396

 []


Underfull \hbox (badness 10000) in paragraph at lines 397--398

 []


<barcharts/diseaseMatrix_bmj_hist_norm_3000_ns_cos_sqrt_cos_sum_nn.png, id=717,
 578.16pt x 361.35pt>
File: barcharts/diseaseMatrix_bmj_hist_norm_3000_ns_cos_sqrt_cos_sum_nn.png Gra
phic file (type png)

<use barcharts/diseaseMatrix_bmj_hist_norm_3000_ns_cos_sqrt_cos_sum_nn.png>

LaTeX Warning: `!h' float specifier changed to `!ht'.


<barcharts/diseaseMatrix_orphan_hist_NOTnorm_3000_ns_cos_sqrt_cos_sum_nn.png, i
d=718, 578.16pt x 361.35pt>
File: barcharts/diseaseMatrix_orphan_hist_NOTnorm_3000_ns_cos_sqrt_cos_sum_nn.p
ng Graphic file (type png)

<use barcharts/diseaseMatrix_orphan_hist_NOTnorm_3000_ns_cos_sqrt_cos_sum_nn.pn
g>
Overfull \hbox (89.97983pt too wide) in paragraph at lines 409--426
\T1/cmr/m/n/9 Cosine - Scores:[95,599,0,76,307,99,47,2989,28,3,430,165,7,37,11,
7,97,717,150, 562,74,64,31,5,89,1,75,89,222,1]
 []


Overfull \hbox (83.01343pt too wide) in paragraph at lines 409--426
\T1/cmr/m/n/9 Cosine sqrt - Scores: [76,257,0,20,122,41, 9,1912,16,1,448,128,1,
13, 5,0,33,380, 20,1687,39,47,26,4,33,1,83,33,
 []


Overfull \hbox (13.066pt too wide) in paragraph at lines 409--426
\T1/cmr/m/n/9 Sum - Scores: [9,123,4,10,4,81,109,601,3,7,68,9,0,2,1, 6,0,3,0,30
00,0,8, 5,107,46,4,2,46,2,55]
 []


LaTeX Warning: `!h' float specifier changed to `!ht'.

[45pdfTeX warning (ext4): destination with the same identifier (name{figure.4.1
0}) has been already used, duplicate ignored
<to be read again> 
                   \endgroup \set@typeset@protect 
l.426 
       <./barcharts/termDoc_orphan_hist_3000_ns_s_mea_max_sum.png>]
<barcharts/diseaseMatrix_bmj_hist_norm_3000_s_cos_sqrt_cos_sum_nn.png, id=728, 
578.16pt x 361.35pt>
File: barcharts/diseaseMatrix_bmj_hist_norm_3000_s_cos_sqrt_cos_sum_nn.png Grap
hic file (type png)

<use barcharts/diseaseMatrix_bmj_hist_norm_3000_s_cos_sqrt_cos_sum_nn.png>

LaTeX Warning: `!h' float specifier changed to `!ht'.


<barcharts/diseaseMatrix_orphan_hist_NOTnorm_3000_s_cos_sqrt_cos_sum_nn.png, id
=729, 578.16pt x 361.35pt>
File: barcharts/diseaseMatrix_orphan_hist_NOTnorm_3000_s_cos_sqrt_cos_sum_nn.pn
g Graphic file (type png)

<use barcharts/diseaseMatrix_orphan_hist_NOTnorm_3000_s_cos_sqrt_cos_sum_nn.png
> [46pdfTeX warning (ext4): destination with the same identifier (name{figure.4
.11}) has been already used, duplicate ignored
<to be read again> 
                   \endgroup \set@typeset@protect 
l.447 
      pdfTeX warning (ext4): destination with the same identifier (name{figure.
4.12}) has been already used, duplicate ignored
<to be read again> 
                   \endgroup \set@typeset@protect 
l.447 
       <./barcharts/diseaseMatrix_bmj_hist_norm_3000_ns_cos_sqrt_cos_sum_nn.png
> <./barcharts/diseaseMatrix_orphan_hist_NOTnorm_3000_ns_cos_sqrt_cos_sum_nn.pn
g>]
Overfull \hbox (13.28188pt too wide) in paragraph at lines 449--454
[]\T1/cmr/m/n/9 Cosine stemmed - Scores: [94,553,0,80,284,94,51,1454,32,1,433,1
81,10,33,18,7,169,710,334,
 []


Overfull \hbox (44.15561pt too wide) in paragraph at lines 449--454
\T1/cmr/m/n/9 Sum stemmed - Scores: [9,90,17, 9,4,86,79,105,2,7,64,16,0,2,1, 6,
0,2,0,3000,1,9,3, 84,39,3,1,39,2,59]
 []


Underfull \hbox (badness 10000) in paragraph at lines 449--454

 []

[47pdfTeX warning (ext4): destination with the same identifier (name{figure.4.1
3}) has been already used, duplicate ignored
<to be read again> 
                   \endgroup \set@typeset@protect 
l.454 
      pdfTeX warning (ext4): destination with the same identifier (name{figure.
4.14}) has been already used, duplicate ignored
<to be read again> 
                   \endgroup \set@typeset@protect 
l.454 
       <./barcharts/diseaseMatrix_bmj_hist_norm_3000_s_cos_sqrt_cos_sum_nn.png>
 <./barcharts/diseaseMatrix_orphan_hist_NOTnorm_3000_s_cos_sqrt_cos_sum_nn.png>
]
<barcharts/termDoc_bmj_hist_3000_sum_dm_mea_cos_sqrt_td_max_cos_sqrt_td_mea_sum
_td.png, id=744, 578.16pt x 361.35pt>
File: barcharts/termDoc_bmj_hist_3000_sum_dm_mea_cos_sqrt_td_max_cos_sqrt_td_me
a_sum_td.png Graphic file (type png)

<use barcharts/termDoc_bmj_hist_3000_sum_dm_mea_cos_sqrt_td_max_cos_sqrt_td_mea
_sum_td.png>
File: barcharts/diseaseMatrix_orphan_hist_NOTnorm_3000_s_cos_sqrt_cos_sum_nn.pn
g Graphic file (type png)

<use barcharts/diseaseMatrix_orphan_hist_NOTnorm_3000_s_cos_sqrt_cos_sum_nn.png
>
Underfull \hbox (badness 10000) in paragraph at lines 465--484

 []


LaTeX Warning: `!h' float specifier changed to `!ht'.

[48pdfTeX warning (ext4): destination with the same identifier (name{figure.4.1
5}) has been already used, duplicate ignored
<to be read again> 
                   \endgroup \set@typeset@protect 
l.484 
       <./barcharts/termDoc_bmj_hist_3000_sum_dm_mea_cos_sqrt_td_max_cos_sqrt_t
d_mea_sum_td.png>]
Package FiXme Note: `Needs to be refined' on input line 488.

Underfull \hbox (badness 10000) in paragraph at lines 505--507

 []

[49pdfTeX warning (ext4): destination with the same identifier (name{figure.4.1
6}) has been already used, duplicate ignored
<to be read again> 
                   \endgroup \set@typeset@protect 
l.507 
      ]) (./sections/future_works.tex [50] [51pdfTeX warning (ext4): destinatio
n with the same identifier (name{table.4.2}) has been already used, duplicate i
gnored
<to be read again> 
                   \endgroup \set@typeset@protect 
l.1 \chapter
            {Future Works\label{FutureWorks}}] [52pdfTeX warning (ext4): destin
ation with the same identifier (name{table.4.3}) has been already used, duplica
te ignored
<to be read again> 
                   \endgroup \set@typeset@protect 
l.1 \chapter
            {Future Works\label{FutureWorks}}]
Chapter 5.

Underfull \hbox (badness 10000) in paragraph at lines 3--4

 []


Overfull \hbox (84.77185pt too wide) in paragraph at lines 27--48
[][] 
 []

[53

]
Package FiXme Note: `REF Poultry' on input line 53.
) (./report.bbl [54]
Underfull \hbox (badness 10000) in paragraph at lines 15--19
[]\T1/cmr/m/n/10 Citations Added to MedLine[] by fis-cal year.
 []


Overfull \hbox (51.91534pt too wide) in paragraph at lines 31--35
[]\T1/cmr/m/n/10 PubMed Fact Sheets Med-line.  [][]http://www.nlm.nih.gov/pubs/
factsheets/medline.html[][]. 
 []


Underfull \hbox (badness 10000) in paragraph at lines 42--47
[]\T1/cmr/m/n/10 About Rare Dis-eases - at Or-phanet.
 []


Overfull \hbox (49.10327pt too wide) in paragraph at lines 42--47
[][]\T1/cmr/m/n/10 http://www.orpha.net/consor/cgi$\OMS/cmsy/m/n/10 ^^@$\T1/cmr
/m/n/10 bin/Education_AboutRareDiseases.php?lng$\OT1/cmr/m/n/10 =$\T1/cmr/m/n/1
0 EN[][]. 
 []


Overfull \hbox (499.659pt too wide) in paragraph at lines 49--55
[]\T1/cmr/m/n/10 Orphanet En-cy-clo-pe-dia.  [][]http://www.orpha.net/consor/cg
i$\OMS/cmsy/m/n/10 ^^@$\T1/cmr/m/n/10 bin/Education_AboutOrphanet.php?lng$\OT1/
cmr/m/n/10 =$\T1/cmr/m/n/10 EN&stapage$\OT1/cmr/m/n/10 =$\T1/cmr/m/n/10 ST_EDUC
ATION_EDUCATION_ABOUTORPHANET_ORGANIS[][]. 
 []


Overfull \hbox (57.35846pt too wide) in paragraph at lines 65--69
[]\T1/cmr/m/n/10 BeautifulSoup.  [][]http://www.crummy.com/software/BeautifulSo
up/documentation.html[][]. 
 []


Underfull \hbox (badness 10000) in paragraph at lines 91--95
[]\T1/cmr/m/n/10 OMIM - on-line mendelian in-her-i-tance in man.
 []


Overfull \hbox (108.65149pt too wide) in paragraph at lines 97--101
[]\T1/cmr/m/n/10 Rare Dis-eases Def-i-ni-tion and List.  [][]http://raredisease
s.info.nih.gov/RareDiseaseList.aspx?PageID=1[][]. 
 []


Underfull \hbox (badness 10000) in paragraph at lines 103--109
[]\T1/cmr/m/n/10 Pubmed Help Search Field De-scrip-tions and Tags.
 []


Overfull \hbox (222.86255pt too wide) in paragraph at lines 103--109
[][]\T1/cmr/m/n/10 http://www.ncbi.nlm.nih.gov/bookshelf/br.fcgi?book=helppubme
d&part=pubmedhelp#pubmedhelp.Search_Field_Descrip[][]. 
 []


Overfull \hbox (11.31415pt too wide) in paragraph at lines 111--115
[]\T1/cmr/m/n/10 Pubmed Fact Sheet.  [][]http://www.nlm.nih.gov/pubs/factsheets
/pubmed.html[][]. 
 []

[55

]
Underfull \hbox (badness 10000) in paragraph at lines 167--171
[]\T1/cmr/m/n/10 Fact sheet med-i-cal sub-ject head-ings (MeSH).
 []


Overfull \hbox (87.35114pt too wide) in paragraph at lines 200--204
[]\T1/cmr/m/n/10 Understanding tfidf, by e. gar-cia.  [][]http://irthoughts.wor
dpress.com/2008/07/07/understanding-
 []

[56]
Overfull \hbox (302.13586pt too wide) in paragraph at lines 230--236
[]\T1/cmr/m/n/10 Pubmed help search.  [][]http://www.ncbi.nlm.nih.gov/bookshelf
/br.fcgi?book$\OT1/cmr/m/n/10 =$\T1/cmr/m/n/10 helppubmed&part$\OT1/cmr/m/n/10 
=$\T1/cmr/m/n/10 pubmedhelp#pubmedhelp.Searching_PubMed[][]. 
 []

)

Package FiXme Summary: Number of notes: 26,
(FiXme)                Number of warnings: 0,
(FiXme)                Number of errors: 0,
(FiXme)                Number of fatal errors: 0,
(FiXme)                Total: 26.

[57] (./report.aux)

LaTeX Warning: There were undefined references.

 ) 
Here is how much of TeX's memory you used:
 7811 strings out of 94834
 109524 string characters out of 1179181
 182014 words of memory out of 1500000
 10595 multiletter control sequences out of 10000+50000
 29507 words of font info for 76 fonts, out of 1200000 for 2000
 213 hyphenation exceptions out of 8191
 41i,15n,40p,1478b,441s stack positions out of 5000i,500n,6000p,200000b,5000s
 </home/henne/.texmf-var/fonts/pk/ljfour/jknappen/ec/ecti0900.600pk> </home/h
enne/.texmf-var/fonts/pk/ljfour/jknappen/ec/ecbx0900.600pk> </home/henne/.texmf
-var/fonts/pk/ljfour/jknappen/ec/ecti0800.600pk> </home/henne/.texmf-var/fonts/
pk/ljfour/jknappen/ec/ecbx1200.600pk> </home/henne/.texmf-var/fonts/pk/ljfour/j
knappen/ec/ecti1000.600pk> </home/henne/.texmf-var/fonts/pk/ljfour/jknappen/ec/
ecbx1440.600pk> </home/henne/.texmf-var/fonts/pk/ljfour/jknappen/ec/ecrm0600.60
0pk> </home/henne/.texmf-var/fonts/pk/ljfour/jknappen/ec/ecrm0900.600pk> </home
/henne/.texmf-var/fonts/pk/ljfour/jknappen/ec/ecrm0700.600pk> </home/henne/.tex
mf-var/fonts/pk/ljfour/jknappen/ec/ecbx2074.600pk> </home/henne/.texmf-var/font
s/pk/ljfour/jknappen/ec/ecbx1000.600pk> </home/henne/.texmf-var/fonts/pk/ljfour
/jknappen/ec/ecbx2488.600pk> </home/henne/.texmf-var/fonts/pk/ljfour/jknappen/e
c/ecrm0800.600pk> </home/henne/.texmf-var/fonts/pk/ljfour/jknappen/ec/ecbx0800.
600pk> </home/henne/.texmf-var/fonts/pk/ljfour/jknappen/ec/ecsx0800.600pk> </ho
me/henne/.texmf-var/fonts/pk/ljfour/jknappen/ec/ecrm1000.600pk> </home/henne/.t
exmf-var/fonts/pk/ljfour/jknappen/ec/ecrm1200.600pk> </home/henne/.texmf-var/fo
nts/pk/ljfour/jknappen/ec/ecrm1728.600pk></usr/share/texmf-texlive/fonts/type1/
bluesky/cm/cmex10.pfb></usr/share/texmf-texlive/fonts/type1/bluesky/cm/cmmi10.p
fb></usr/share/texmf-texlive/fonts/type1/bluesky/cm/cmmi5.pfb></usr/share/texmf
-texlive/fonts/type1/bluesky/cm/cmmi7.pfb></usr/share/texmf-texlive/fonts/type1
/bluesky/cm/cmr10.pfb></usr/share/texmf-texlive/fonts/type1/bluesky/cm/cmr5.pfb
></usr/share/texmf-texlive/fonts/type1/bluesky/cm/cmr7.pfb></usr/share/texmf-te
xlive/fonts/type1/bluesky/cm/cmr9.pfb></usr/share/texmf-texlive/fonts/type1/blu
esky/cm/cmsy10.pfb></usr/share/texmf-texlive/fonts/type1/bluesky/cm/cmsy7.pfb><
/usr/share/texmf-texlive/fonts/type1/bluesky/cm/cmsy9.pfb></usr/share/texmf-tex
live/fonts/type1/bluesky/ams/msbm10.pfb>
Output written on report.pdf (58 pages, 1180713 bytes).
PDF statistics:
 1556 PDF objects out of 1728 (max. 8388607)
 194 named destinations out of 1000 (max. 131072)
 497 words of extra memory for PDF output out of 10000 (max. 10000000)

