\BOOKMARK [0][-]{chapter.1}{Introduction}{}
\BOOKMARK [1][-]{section.1.1}{Inspiration}{chapter.1}
\BOOKMARK [1][-]{section.1.2}{Objectives}{chapter.1}
\BOOKMARK [1][-]{section.1.3}{Roadmap}{chapter.1}
\BOOKMARK [0][-]{chapter.2}{Background}{}
\BOOKMARK [1][-]{section.2.1}{Diagnosing rare diseases}{chapter.2}
\BOOKMARK [1][-]{section.2.2}{Retrieval of biomedical literature}{chapter.2}
\BOOKMARK [2][-]{subsection.2.2.1}{Rarediseases.info}{section.2.2}
\BOOKMARK [2][-]{subsection.2.2.2}{PubMed and Entrez}{section.2.2}
\BOOKMARK [2][-]{subsection.2.2.3}{MedLine records and MeSH}{section.2.2}
\BOOKMARK [1][-]{section.2.3}{The vector space model}{chapter.2}
\BOOKMARK [1][-]{section.2.4}{Applied heuristics}{chapter.2}
\BOOKMARK [2][-]{subsection.2.4.1}{Mitigating the problem of term burstiness}{section.2.4}
\BOOKMARK [2][-]{subsection.2.4.2}{Term Frequency - Inverse Document Frequency}{section.2.4}
\BOOKMARK [2][-]{subsection.2.4.3}{Normalization}{section.2.4}
\BOOKMARK [2][-]{subsection.2.4.4}{Square root transformation}{section.2.4}
\BOOKMARK [2][-]{subsection.2.4.5}{Stop word removal}{section.2.4}
\BOOKMARK [2][-]{subsection.2.4.6}{Stemming}{section.2.4}
\BOOKMARK [2][-]{subsection.2.4.7}{Outlier detection}{section.2.4}
\BOOKMARK [2][-]{subsection.2.4.8}{Latent Semantic Analysis}{section.2.4}
\BOOKMARK [1][-]{section.2.5}{Calculation of vector similarity}{chapter.2}
\BOOKMARK [1][-]{section.2.6}{Data structures}{chapter.2}
\BOOKMARK [2][-]{subsection.2.6.1}{SciPy.sparse}{section.2.6}
\BOOKMARK [2][-]{subsection.2.6.2}{Matrix Market}{section.2.6}
\BOOKMARK [2][-]{subsection.2.6.3}{cPickle}{section.2.6}
\BOOKMARK [0][-]{chapter.3}{Methods}{}
\BOOKMARK [1][-]{section.3.1}{System overview and design}{chapter.3}
\BOOKMARK [2][-]{subsection.3.1.1}{The first prototype}{section.3.1}
\BOOKMARK [2][-]{subsection.3.1.2}{Branching the prototype}{section.3.1}
\BOOKMARK [2][-]{subsection.3.1.3}{Filtering for new matrices}{section.3.1}
\BOOKMARK [1][-]{section.3.2}{Modules}{chapter.3}
\BOOKMARK [2][-]{subsection.3.2.1}{Crawler}{section.3.2}
\BOOKMARK [2][-]{subsection.3.2.2}{SIR \(Search and Information Retrieval\)}{section.3.2}
\BOOKMARK [2][-]{subsection.3.2.3}{TermDoc}{section.3.2}
\BOOKMARK [2][-]{subsection.3.2.4}{FilterInterface and heuristics}{section.3.2}
\BOOKMARK [2][-]{subsection.3.2.5}{Auxillary modules}{section.3.2}
\BOOKMARK [2][-]{subsection.3.2.6}{SearchInterface}{section.3.2}
\BOOKMARK [2][-]{subsection.3.2.7}{Data analysis tools}{section.3.2}
\BOOKMARK [1][-]{section.3.3}{The database}{chapter.3}
\BOOKMARK [1][-]{section.3.4}{Techincal conclusions}{chapter.3}
\BOOKMARK [0][-]{chapter.4}{Experiments and Results}{}
\BOOKMARK [1][-]{section.4.1}{Test cases}{chapter.4}
\BOOKMARK [2][-]{subsection.4.1.1}{4.2 Scoring schemes}{section.4.1}
\BOOKMARK [2][-]{subsection.4.1.2}{4.3 Testing the cosine similarity measure}{section.4.1}
\BOOKMARK [2][-]{subsection.4.1.3}{4.4 Testing the sum similarity measure}{section.4.1}
\BOOKMARK [2][-]{subsection.4.1.4}{The disease and term document matrix - cosine, and sum and final result}{section.4.1}
\BOOKMARK [2][-]{subsection.4.1.5}{Clustering of the results}{section.4.1}
\BOOKMARK [2][-]{subsection.4.1.6}{On overview article noise and concensus normalization}{section.4.1}
\BOOKMARK [0][-]{chapter.5}{Future Works}{}
\BOOKMARK [1][-]{chapter*.6}{Reference list}{chapter.5}
